[22:59:30] [ServerMain/INFO]: [bootstrap] Running Java 25 (OpenJDK 64-Bit Server VM 25.0.3+9-LTS; Eclipse Adoptium Temurin-25.0.3+9) on Linux 7.0.12-arch1-1 (amd64)
[22:59:30] [ServerMain/INFO]: [bootstrap] Loading Paper 26.2-31-dev/26.2@a1e989c (2026-06-22T14:37:39Z) for Minecraft 26.2
[22:59:30] [ServerMain/INFO]: [PluginInitializerManager] Initializing plugins...
[22:59:30] [ServerMain/INFO]: [PluginInitializerManager] Initialized 1 plugin
[22:59:30] [ServerMain/INFO]: [PluginInitializerManager] Paper plugins (1):
 - whitelist (1.0-SNAPSHOT)
[22:59:33] [ServerMain/INFO]: Environment: Environment[sessionHost=https://sessionserver.mojang.com, servicesHost=https://api.minecraftservices.com, profilesHost=https://api.mojang.com, name=PROD]
[22:59:33] [ServerMain/INFO]: Found new data pack file/bukkit, loading it automatically
[22:59:33] [ServerMain/INFO]: Found new data pack paper, loading it automatically
[22:59:34] [Worker-Main-1/INFO]: No existing world data, creating new world
[22:59:34] [ServerMain/INFO]: Loaded 1585 recipes
[22:59:34] [ServerMain/INFO]: Loaded 1688 advancements
[22:59:34] [Server thread/INFO]: Starting minecraft server version 26.2
[22:59:34] [Server thread/INFO]: Loading properties
[22:59:35] [Server thread/INFO]: This server is running Paper version 26.2-31-dev/26.2@a1e989c (2026-06-22T14:37:39Z) (Implementing API version 26.2.build.31-alpha)
[22:59:35] [Server thread/INFO]: [spark] This server bundles the spark profiler. For more information please visit https://docs.papermc.io/paper/profiling
[22:59:35] [Server thread/INFO]: Server Ping Player Sample Count: 12
[22:59:35] [Server thread/INFO]: Using 4 threads for Netty based IO
[22:59:35] [Server thread/INFO]: [MoonriseCommon] Paper is using 4 worker threads, 1 I/O threads
[22:59:35] [Server thread/INFO]: Default game type: SURVIVAL
[22:59:35] [Server thread/INFO]: Generating keypair
[22:59:35] [Server thread/INFO]: Starting Minecraft server on *:25565
[22:59:35] [Server thread/INFO]: Paper: Using libdeflate (Linux x86_64) compression from Velocity.
[22:59:35] [Server thread/INFO]: Paper: Using OpenSSL 3.x.x (Linux x86_64) cipher from Velocity.
[22:59:35] [Server thread/INFO]: [MuvBot Whitelist] Loading server plugin whitelist v1.0-SNAPSHOT
[22:59:35] [Server thread/INFO]: [MuvBot Whitelist] Enabling whitelist v1.0-SNAPSHOT
[22:59:35] [Server thread/INFO]: Preparing level "world"
[22:59:35] [Server thread/INFO]: Selecting spawn point for level 'minecraft:overworld'...
[22:59:37] [Server thread/INFO]: Selecting spawn point for level 'minecraft:the_nether'...
[22:59:38] [Server thread/INFO]: Selecting spawn point for level 'minecraft:the_end'...
[22:59:38] [Server thread/INFO]: Loading 0 persistent chunks for level 'minecraft:overworld'...
[22:59:38] [Server thread/INFO]: Preparing spawn area: 100%
[22:59:38] [Server thread/INFO]: Prepared spawn area in 3157 ms
[22:59:38] [Server thread/INFO]: Loading 0 persistent chunks for level 'minecraft:the_nether'...
[22:59:38] [Server thread/INFO]: Preparing spawn area: 100%
[22:59:38] [Server thread/INFO]: Prepared spawn area in 885 ms
[22:59:38] [Server thread/INFO]: Loading 0 persistent chunks for level 'minecraft:the_end'...
[22:59:38] [Server thread/INFO]: Preparing spawn area: 100%
[22:59:38] [Server thread/INFO]: Prepared spawn area in 204 ms
[22:59:38] [Server thread/INFO]: Done preparing level "world" (3.369s)
[22:59:38] [Server thread/INFO]: [spark] Starting background profiler...
[22:59:39] [Server thread/INFO]: Saving chunks for level 'ServerLevel[world]'/minecraft:overworld
[22:59:39] [Server thread/INFO]: Saving chunks for level 'ServerLevel[world]'/minecraft:the_nether
[22:59:39] [Server thread/INFO]: Saving chunks for level 'ServerLevel[world]'/minecraft:the_end
[22:59:39] [Server thread/INFO]: ThreadedAnvilChunkStorage (world): All chunks are saved
[22:59:39] [Server thread/INFO]: ThreadedAnvilChunkStorage (DIM-1): All chunks are saved
[22:59:39] [Server thread/INFO]: ThreadedAnvilChunkStorage (DIM1): All chunks are saved
[22:59:39] [Server thread/INFO]: ThreadedAnvilChunkStorage: All dimensions are saved
[22:59:39] [Server thread/INFO]: Running delayed init tasks
[22:59:39] [Server thread/INFO]: Done (9.257s)! For help, type "help"
[22:59:39] [Server thread/INFO]: *************************************************************************************
[22:59:39] [Server thread/INFO]: This is the first time you're starting this server.
[22:59:39] [Server thread/INFO]: It's recommended you read our 'Getting Started' documentation for guidance.
[22:59:39] [Server thread/INFO]: View this and more helpful information here: https://docs.papermc.io/paper/next-steps
[22:59:39] [Server thread/INFO]: *************************************************************************************
[22:59:48] [User Authenticator #0/INFO]: UUID of player MuV1N_YT is 7e4f87cb-60fb-4eee-b3fc-4037ebf5e10d
[22:59:50] [Server thread/INFO]: MuV1N_YT joined the game
[22:59:50] [Server thread/INFO]: MuV1N_YT[/127.0.0.1:47914] logged in with entity id 25 at ([minecraft:overworld]-3.5, 127.0, 7.5)
[22:59:55] [Server thread/INFO]: Made MuV1N_YT a server operator
[22:59:57] [Server thread/INFO]: [MuV1N_YT: Set own game mode to Creative Mode]
[23:00:25] [Server thread/INFO]: MuV1N_YT issued server command: /pl
